c:\users\whoami\desktop\petitpotato\petitpotato\x64\debug\vc143.pdb
c:\users\whoami\desktop\petitpotato\petitpotato\x64\debug\ms-efsr_c.obj
c:\users\whoami\desktop\petitpotato\petitpotato\x64\debug\petitpotato.obj
c:\users\whoami\desktop\cyber tools\privilege escalation\potato family\petitpotato\petitpotato\x64\debug\vc143.pdb
c:\users\whoami\desktop\cyber tools\privilege escalation\potato family\petitpotato\petitpotato\x64\debug\ms-efsr_c.obj
c:\users\whoami\desktop\cyber tools\privilege escalation\potato family\petitpotato\petitpotato\x64\debug\petitpotato.obj
c:\users\whoami\desktop\petitpotato\petitpotato\x64\debug\petitpotato.ilk
c:\users\whoami\desktop\petitpotato\x64\debug\petitpotato.exe
c:\users\whoami\desktop\petitpotato\x64\debug\petitpotato.pdb
c:\users\whoami\desktop\cyber tools\privilege escalation\potato family\petitpotato\x64\debug\petitpotato.exe
c:\users\whoami\desktop\cyber tools\privilege escalation\potato family\petitpotato\petitpotato\x64\debug\petitpotato.ilk
c:\users\whoami\desktop\cyber tools\privilege escalation\potato family\petitpotato\x64\debug\petitpotato.pdb
c:\users\whoami\desktop\petitpotato\petitpotato\ms-efsr_c.c
c:\users\whoami\desktop\petitpotato\petitpotato\ms-efsr_s.c
c:\users\whoami\desktop\petitpotato\petitpotato\ms-efsr_h.h
c:\users\whoami\desktop\cyber tools\privilege escalation\potato family\petitpotato\petitpotato\ms-efsr_c.c
c:\users\whoami\desktop\cyber tools\privilege escalation\potato family\petitpotato\petitpotato\ms-efsr_s.c
c:\users\whoami\desktop\cyber tools\privilege escalation\potato family\petitpotato\petitpotato\ms-efsr_h.h
c:\users\whoami\desktop\cyber tools\privilege escalation\potato family\petitpotato\petitpotato\x64\debug\petitpotato.tlog\cl.command.1.tlog
c:\users\whoami\desktop\cyber tools\privilege escalation\potato family\petitpotato\petitpotato\x64\debug\petitpotato.tlog\cl.read.1.tlog
c:\users\whoami\desktop\cyber tools\privilege escalation\potato family\petitpotato\petitpotato\x64\debug\petitpotato.tlog\cl.write.1.tlog
c:\users\whoami\desktop\cyber tools\privilege escalation\potato family\petitpotato\petitpotato\x64\debug\petitpotato.tlog\link.command.1.tlog
c:\users\whoami\desktop\cyber tools\privilege escalation\potato family\petitpotato\petitpotato\x64\debug\petitpotato.tlog\link.read.1.tlog
c:\users\whoami\desktop\cyber tools\privilege escalation\potato family\petitpotato\petitpotato\x64\debug\petitpotato.tlog\link.write.1.tlog
c:\users\whoami\desktop\cyber tools\privilege escalation\potato family\petitpotato\petitpotato\x64\debug\petitpotato.tlog\midl.command.1.tlog
c:\users\whoami\desktop\cyber tools\privilege escalation\potato family\petitpotato\petitpotato\x64\debug\petitpotato.tlog\midl.read.1.tlog
c:\users\whoami\desktop\cyber tools\privilege escalation\potato family\petitpotato\petitpotato\x64\debug\petitpotato.tlog\midl.write.1.tlog
